# JRE version: Java(TM) SE Runtime Environment (21.0.1+12) (build 21.0.1+12-LTS-29)
# Java VM: Java HotSpot(TM) 64-Bit Server VM (21.0.1+12-LTS-29, mixed mode, emulated-client, sharing, tiered, compressed oops, compressed class ptrs, g1 gc, windows-amd64)
GC Precious Log:
 CardTable entry size: 512
 Card Set container configuration: InlinePtr #cards 5 size 8 Array Of Cards #cards 12 size 40 Howl #buckets 4 coarsen threshold 1843 Howl Bitmap #cards 512 size 80 coarsen threshold 460 Card regions per heap region 1 cards per card region 2048
 CPUs: 8 total, 8 available
 Memory: 7834M
 Large Page Support: Disabled
 NUMA Support: Disabled
 Compressed Oops: Enabled (32-bit)
 Heap Region Size: 1M
 Heap Min Capacity: 8M
 Heap Initial Capacity: 124M
 Heap Max Capacity: 1960M
 Pre-touch: Disabled
 Parallel Workers: 8
 Concurrent Workers: 2
 Concurrent Refinement Workers: 8
 Periodic GC: Disabled
Heap:
 garbage-first heap   total 58368K, used 47032K [0x0000000085800000, 0x0000000100000000)
  region size 1024K, 19 young (19456K), 3 survivors (3072K)
 Metaspace       used 66333K, committed 67072K, reserved 1114112K
  class space    used 9594K, committed 9920K, reserved 1048576K
GC Heap History (20 events):
Event: 7.714 GC heap before
{Heap before GC invocations=7 (full 0):
 garbage-first heap   total 55296K, used 41772K [0x0000000085800000, 0x0000000100000000)
  region size 1024K, 26 young (26624K), 4 survivors (4096K)
 Metaspace       used 32339K, committed 32896K, reserved 1114112K
  class space    used 4401K, committed 4672K, reserved 1048576K
}
Event: 7.719 GC heap after
{Heap after GC invocations=8 (full 0):
 garbage-first heap   total 55296K, used 22539K [0x0000000085800000, 0x0000000100000000)
  region size 1024K, 4 young (4096K), 4 survivors (4096K)
 Metaspace       used 32339K, committed 32896K, reserved 1114112K
  class space    used 4401K, committed 4672K, reserved 1048576K
}
Event: 8.632 GC heap before
{Heap before GC invocations=9 (full 0):
 garbage-first heap   total 55296K, used 44043K [0x0000000085800000, 0x0000000100000000)
  region size 1024K, 26 young (26624K), 4 survivors (4096K)
 Metaspace       used 35504K, committed 36032K, reserved 1114112K
  class space    used 4848K, committed 5056K, reserved 1048576K
}
Event: 8.640 GC heap after
{Heap after GC invocations=10 (full 0):
 garbage-first heap   total 55296K, used 24431K [0x0000000085800000, 0x0000000100000000)
  region size 1024K, 3 young (3072K), 3 survivors (3072K)
 Metaspace       used 35504K, committed 36032K, reserved 1114112K
  class space    used 4848K, committed 5056K, reserved 1048576K
}
Event: 9.679 GC heap before
{Heap before GC invocations=10 (full 0):
 garbage-first heap   total 55296K, used 44911K [0x0000000085800000, 0x0000000100000000)
  region size 1024K, 24 young (24576K), 3 survivors (3072K)
 Metaspace       used 39487K, committed 40192K, reserved 1114112K
  class space    used 5421K, committed 5760K, reserved 1048576K
}
Event: 9.686 GC heap after
{Heap after GC invocations=11 (full 0):
 garbage-first heap   total 55296K, used 24705K [0x0000000085800000, 0x0000000100000000)
  region size 1024K, 2 young (2048K), 2 survivors (2048K)
 Metaspace       used 39487K, committed 40192K, reserved 1114112K
  class space    used 5421K, committed 5760K, reserved 1048576K
}
Event: 10.881 GC heap before
{Heap before GC invocations=11 (full 0):
 garbage-first heap   total 55296K, used 46209K [0x0000000085800000, 0x0000000100000000)
  region size 1024K, 23 young (23552K), 2 survivors (2048K)
 Metaspace       used 45062K, committed 45696K, reserved 1114112K
  class space    used 6198K, committed 6464K, reserved 1048576K
}
Event: 10.886 GC heap after
{Heap after GC invocations=12 (full 0):
 garbage-first heap   total 55296K, used 26758K [0x0000000085800000, 0x0000000100000000)
  region size 1024K, 3 young (3072K), 3 survivors (3072K)
 Metaspace       used 45062K, committed 45696K, reserved 1114112K
  class space    used 6198K, committed 6464K, reserved 1048576K
}
Event: 11.844 GC heap before
{Heap before GC invocations=12 (full 0):
 garbage-first heap   total 55296K, used 47238K [0x0000000085800000, 0x0000000100000000)
  region size 1024K, 23 young (23552K), 3 survivors (3072K)
 Metaspace       used 49124K, committed 49792K, reserved 1114112K
  class space    used 6738K, committed 7040K, reserved 1048576K
}
Event: 11.848 GC heap after
{Heap after GC invocations=13 (full 0):
 garbage-first heap   total 55296K, used 28199K [0x0000000085800000, 0x0000000100000000)
  region size 1024K, 2 young (2048K), 2 survivors (2048K)
 Metaspace       used 49124K, committed 49792K, reserved 1114112K
  class space    used 6738K, committed 7040K, reserved 1048576K
}
Event: 12.901 GC heap before
{Heap before GC invocations=13 (full 0):
 garbage-first heap   total 55296K, used 46631K [0x0000000085800000, 0x0000000100000000)
  region size 1024K, 21 young (21504K), 2 survivors (2048K)
 Metaspace       used 54338K, committed 54976K, reserved 1114112K
  class space    used 7555K, committed 7808K, reserved 1048576K
}
Event: 12.906 GC heap after
{Heap after GC invocations=14 (full 0):
 garbage-first heap   total 55296K, used 28969K [0x0000000085800000, 0x0000000100000000)
  region size 1024K, 3 young (3072K), 3 survivors (3072K)
 Metaspace       used 54338K, committed 54976K, reserved 1114112K
  class space    used 7555K, committed 7808K, reserved 1048576K
}
Event: 13.726 GC heap before
{Heap before GC invocations=15 (full 0):
 garbage-first heap   total 55296K, used 46377K [0x0000000085800000, 0x0000000100000000)
  region size 1024K, 20 young (20480K), 3 survivors (3072K)
 Metaspace       used 55976K, committed 56576K, reserved 1114112K
  class space    used 7930K, committed 8192K, reserved 1048576K
}
Event: 13.731 GC heap after
{Heap after GC invocations=16 (full 0):
 garbage-first heap   total 55296K, used 29500K [0x0000000085800000, 0x0000000100000000)
  region size 1024K, 2 young (2048K), 2 survivors (2048K)
 Metaspace       used 55976K, committed 56576K, reserved 1114112K
  class space    used 7930K, committed 8192K, reserved 1048576K
}
Event: 15.270 GC heap before
{Heap before GC invocations=16 (full 0):
 garbage-first heap   total 55296K, used 47932K [0x0000000085800000, 0x0000000100000000)
  region size 1024K, 20 young (20480K), 2 survivors (2048K)
 Metaspace       used 59913K, committed 60608K, reserved 1114112K
  class space    used 8507K, committed 8832K, reserved 1048576K
}
Event: 15.275 GC heap after
{Heap after GC invocations=17 (full 0):
 garbage-first heap   total 55296K, used 29852K [0x0000000085800000, 0x0000000100000000)
  region size 1024K, 2 young (2048K), 2 survivors (2048K)
 Metaspace       used 59913K, committed 60608K, reserved 1114112K
  class space    used 8507K, committed 8832K, reserved 1048576K
}
Event: 16.124 GC heap before
{Heap before GC invocations=17 (full 0):
 garbage-first heap   total 55296K, used 47260K [0x0000000085800000, 0x0000000100000000)
  region size 1024K, 20 young (20480K), 2 survivors (2048K)
 Metaspace       used 62355K, committed 63104K, reserved 1114112K
  class space    used 8802K, committed 9088K, reserved 1048576K
}
Event: 16.133 GC heap after
{Heap after GC invocations=18 (full 0):
 garbage-first heap   total 55296K, used 31385K [0x0000000085800000, 0x0000000100000000)
  region size 1024K, 3 young (3072K), 3 survivors (3072K)
 Metaspace       used 62355K, committed 63104K, reserved 1114112K
  class space    used 8802K, committed 9088K, reserved 1048576K
}
Event: 16.930 GC heap before
{Heap before GC invocations=19 (full 0):
 garbage-first heap   total 58368K, used 47769K [0x0000000085800000, 0x0000000100000000)
  region size 1024K, 19 young (19456K), 3 survivors (3072K)
 Metaspace       used 64709K, committed 65472K, reserved 1114112K
  class space    used 9246K, committed 9600K, reserved 1048576K
}
Event: 16.936 GC heap after
{Heap after GC invocations=20 (full 0):
 garbage-first heap   total 58368K, used 32696K [0x0000000085800000, 0x0000000100000000)
  region size 1024K, 3 young (3072K), 3 survivors (3072K)
 Metaspace       used 64709K, committed 65472K, reserved 1114112K
  class space    used 9246K, committed 9600K, reserved 1048576K
}

